Build started 10/20/2015 9:29:51 AM.
     1>Project "C:\Users\stud2014\Documents\GitHub\mp2-lab1-set\sln\vc10\sample_prime_numbers\sample_prime_numbers.vcxproj" on node 3 (rebuild target(s)).
       Project file contains ToolsVersion="12.0". This toolset may be unknown or missing, in which case you may be able to resolve this by installing the appropriate version of MSBuild, or the build may have been forced to a particular ToolsVersion for policy reasons. Treating the project as if it had ToolsVersion="4.0". For more information, please see http://go.microsoft.com/fwlink/?LinkId=291333.
     1>_PrepareForClean:
         Deleting file "Debug\sample_prime_numbers.lastbuildstate".
     1>Project "C:\Users\stud2014\Documents\GitHub\mp2-lab1-set\sln\vc10\sample_prime_numbers\sample_prime_numbers.vcxproj" (1) is building "C:\Users\stud2014\Documents\GitHub\mp2-lab1-set\sln\vc10\bitfield\bitfield.vcxproj" (2) on node 2 (GetTargetPath target(s)).
       Project file contains ToolsVersion="12.0". This toolset may be unknown or missing, in which case you may be able to resolve this by installing the appropriate version of MSBuild, or the build may have been forced to a particular ToolsVersion for policy reasons. Treating the project as if it had ToolsVersion="4.0". For more information, please see http://go.microsoft.com/fwlink/?LinkId=291333.
     2>Done Building Project "C:\Users\stud2014\Documents\GitHub\mp2-lab1-set\sln\vc10\bitfield\bitfield.vcxproj" (GetTargetPath target(s)).
     1>Project "C:\Users\stud2014\Documents\GitHub\mp2-lab1-set\sln\vc10\sample_prime_numbers\sample_prime_numbers.vcxproj" (1) is building "C:\Users\stud2014\Documents\GitHub\mp2-lab1-set\sln\vc10\bitfield\bitfield.vcxproj" (2:2) on node 2 (GetNativeManifest target(s)).
       Project file contains ToolsVersion="12.0". This toolset may be unknown or missing, in which case you may be able to resolve this by installing the appropriate version of MSBuild, or the build may have been forced to a particular ToolsVersion for policy reasons. Treating the project as if it had ToolsVersion="4.0". For more information, please see http://go.microsoft.com/fwlink/?LinkId=291333.
     2>Done Building Project "C:\Users\stud2014\Documents\GitHub\mp2-lab1-set\sln\vc10\bitfield\bitfield.vcxproj" (GetNativeManifest target(s)).
     1>InitializeBuildStatus:
         Creating "Debug\sample_prime_numbers.unsuccessfulbuild" because "AlwaysCreate" was specified.
       ClCompile:
         c:\Program Files (x86)\Microsoft Visual Studio 10.0\VC\bin\CL.exe /c /I../../../include /ZI /nologo /W3 /WX- /Od /Oy- /D WIN32 /D _DEBUG /D _CONSOLE /D _UNICODE /D UNICODE /Gm /EHsc /RTC1 /MDd /GS /fp:precise /Zc:wchar_t /Zc:forScope /Fo"Debug\\" /Fd"Debug\vc100.pdb" /Gd /TP /analyze- /errorReport:prompt ..\..\..\samples\sample_prime_numbers.cpp
         sample_prime_numbers.cpp
     1>Project "C:\Users\stud2014\Documents\GitHub\mp2-lab1-set\sln\vc10\sample_prime_numbers\sample_prime_numbers.vcxproj" (1) is building "C:\Users\stud2014\Documents\GitHub\mp2-lab1-set\sln\vc10\bitfield\bitfield.vcxproj" (2:3) on node 2 (GetResolvedLinkLibs target(s)).
       Project file contains ToolsVersion="12.0". This toolset may be unknown or missing, in which case you may be able to resolve this by installing the appropriate version of MSBuild, or the build may have been forced to a particular ToolsVersion for policy reasons. Treating the project as if it had ToolsVersion="4.0". For more information, please see http://go.microsoft.com/fwlink/?LinkId=291333.
     2>Done Building Project "C:\Users\stud2014\Documents\GitHub\mp2-lab1-set\sln\vc10\bitfield\bitfield.vcxproj" (GetResolvedLinkLibs target(s)).
     1>ManifestResourceCompile:
         C:\Program Files (x86)\Microsoft SDKs\Windows\v7.0A\bin\rc.exe /nologo /fo"Debug\sample_prime_numbers.exe.embed.manifest.res" Debug\sample_prime_numbers_manifest.rc 
       Link:
         c:\Program Files (x86)\Microsoft Visual Studio 10.0\VC\bin\link.exe /ERRORREPORT:PROMPT /OUT:"C:\Users\stud2014\Documents\GitHub\mp2-lab1-set\sln\vc10\Debug\sample_prime_numbers.exe" /INCREMENTAL /NOLOGO /LIBPATH:../Debug bitfield.lib kernel32.lib user32.lib gdi32.lib winspool.lib comdlg32.lib advapi32.lib shell32.lib ole32.lib oleaut32.lib uuid.lib odbc32.lib odbccp32.lib /MANIFEST /ManifestFile:"Debug\sample_prime_numbers.exe.intermediate.manifest" /MANIFESTUAC:"level='asInvoker' uiAccess='false'" /DEBUG /PDB:"C:\Users\stud2014\Documents\GitHub\mp2-lab1-set\sln\vc10\Debug\sample_prime_numbers.pdb" /SUBSYSTEM:CONSOLE /TLBID:1 /DYNAMICBASE /NXCOMPAT /IMPLIB:"C:\Users\stud2014\Documents\GitHub\mp2-lab1-set\sln\vc10\Debug\sample_prime_numbers.lib" /MACHINE:X86 Debug\sample_prime_numbers.exe.embed.manifest.res
         Debug\sample_prime_numbers.obj
         "C:\Users\stud2014\Documents\GitHub\mp2-lab1-set\sln\vc10\Debug\bitfield.lib"
       Manifest:
         Deleting file "Debug\sample_prime_numbers.exe.embed.manifest".
         C:\Program Files (x86)\Microsoft SDKs\Windows\v7.0A\bin\mt.exe /nologo /verbose /out:"Debug\sample_prime_numbers.exe.embed.manifest" /manifest Debug\sample_prime_numbers.exe.intermediate.manifest
         C:\Program Files (x86)\Microsoft SDKs\Windows\v7.0A\bin\rc.exe /nologo /fo"Debug\sample_prime_numbers.exe.embed.manifest.res" Debug\sample_prime_numbers_manifest.rc 
       LinkEmbedManifest:
         c:\Program Files (x86)\Microsoft Visual Studio 10.0\VC\bin\link.exe /ERRORREPORT:PROMPT /OUT:"C:\Users\stud2014\Documents\GitHub\mp2-lab1-set\sln\vc10\Debug\sample_prime_numbers.exe" /INCREMENTAL /NOLOGO /LIBPATH:../Debug bitfield.lib kernel32.lib user32.lib gdi32.lib winspool.lib comdlg32.lib advapi32.lib shell32.lib ole32.lib oleaut32.lib uuid.lib odbc32.lib odbccp32.lib /MANIFEST /ManifestFile:"Debug\sample_prime_numbers.exe.intermediate.manifest" /MANIFESTUAC:"level='asInvoker' uiAccess='false'" /DEBUG /PDB:"C:\Users\stud2014\Documents\GitHub\mp2-lab1-set\sln\vc10\Debug\sample_prime_numbers.pdb" /SUBSYSTEM:CONSOLE /TLBID:1 /DYNAMICBASE /NXCOMPAT /IMPLIB:"C:\Users\stud2014\Documents\GitHub\mp2-lab1-set\sln\vc10\Debug\sample_prime_numbers.lib" /MACHINE:X86 Debug\sample_prime_numbers.exe.embed.manifest.res
         Debug\sample_prime_numbers.obj
         "C:\Users\stud2014\Documents\GitHub\mp2-lab1-set\sln\vc10\Debug\bitfield.lib"
         sample_prime_numbers.vcxproj -> C:\Users\stud2014\Documents\GitHub\mp2-lab1-set\sln\vc10\Debug\sample_prime_numbers.exe
     1>Project "C:\Users\stud2014\Documents\GitHub\mp2-lab1-set\sln\vc10\sample_prime_numbers\sample_prime_numbers.vcxproj" (1) is building "C:\Users\stud2014\Documents\GitHub\mp2-lab1-set\sln\vc10\bitfield\bitfield.vcxproj" (2:4) on node 2 (GetCopyToOutputDirectoryItems target(s)).
       Project file contains ToolsVersion="12.0". This toolset may be unknown or missing, in which case you may be able to resolve this by installing the appropriate version of MSBuild, or the build may have been forced to a particular ToolsVersion for policy reasons. Treating the project as if it had ToolsVersion="4.0". For more information, please see http://go.microsoft.com/fwlink/?LinkId=291333.
     2>Done Building Project "C:\Users\stud2014\Documents\GitHub\mp2-lab1-set\sln\vc10\bitfield\bitfield.vcxproj" (GetCopyToOutputDirectoryItems target(s)).
     1>FinalizeBuildStatus:
         Deleting file "Debug\sample_prime_numbers.unsuccessfulbuild".
         Touching "Debug\sample_prime_numbers.lastbuildstate".
     1>Done Building Project "C:\Users\stud2014\Documents\GitHub\mp2-lab1-set\sln\vc10\sample_prime_numbers\sample_prime_numbers.vcxproj" (rebuild target(s)).

Build succeeded.

Time Elapsed 00:00:01.87
